Determining if the pthread_create exist failed with the following output:
Change Dir: /home/igor/catkin_ws/build/CMakeFiles/CMakeTmp

Run Build Command:"/usr/bin/make" "cmTC_f3ac4/fast"
/usr/bin/make -f CMakeFiles/cmTC_f3ac4.dir/build.make CMakeFiles/cmTC_f3ac4.dir/build
make[1]: se entra en el directorio '/home/igor/catkin_ws/build/CMakeFiles/CMakeTmp'
Building C object CMakeFiles/cmTC_f3ac4.dir/CheckSymbolExists.c.o
/usr/bin/cc     -o CMakeFiles/cmTC_f3ac4.dir/CheckSymbolExists.c.o   -c /home/igor/catkin_ws/build/CMakeFiles/CMakeTmp/CheckSymbolExists.c
Linking C executable cmTC_f3ac4
/usr/bin/cmake -E cmake_link_script CMakeFiles/cmTC_f3ac4.dir/link.txt --verbose=1
/usr/bin/cc       CMakeFiles/cmTC_f3ac4.dir/CheckSymbolExists.c.o  -o cmTC_f3ac4 -rdynamic 
CMakeFiles/cmTC_f3ac4.dir/CheckSymbolExists.c.o: En la función `main':
CheckSymbolExists.c:(.text+0xa): referencia a `pthread_create' sin definir
collect2: error: ld returned 1 exit status
CMakeFiles/cmTC_f3ac4.dir/build.make:97: fallo en las instrucciones para el objetivo 'cmTC_f3ac4'
make[1]: *** [cmTC_f3ac4] Error 1
make[1]: se sale del directorio '/home/igor/catkin_ws/build/CMakeFiles/CMakeTmp'
Makefile:126: fallo en las instrucciones para el objetivo 'cmTC_f3ac4/fast'
make: *** [cmTC_f3ac4/fast] Error 2

File /home/igor/catkin_ws/build/CMakeFiles/CMakeTmp/CheckSymbolExists.c:
/* */
#include <pthread.h>

int main(int argc, char** argv)
{
  (void)argv;
#ifndef pthread_create
  return ((int*)(&pthread_create))[argc];
#else
  (void)argc;
  return 0;
#endif
}

Determining if the function pthread_create exists in the pthreads failed with the following output:
Change Dir: /home/igor/catkin_ws/build/CMakeFiles/CMakeTmp

Run Build Command:"/usr/bin/make" "cmTC_2bba9/fast"
/usr/bin/make -f CMakeFiles/cmTC_2bba9.dir/build.make CMakeFiles/cmTC_2bba9.dir/build
make[1]: se entra en el directorio '/home/igor/catkin_ws/build/CMakeFiles/CMakeTmp'
Building C object CMakeFiles/cmTC_2bba9.dir/CheckFunctionExists.c.o
/usr/bin/cc    -DCHECK_FUNCTION_EXISTS=pthread_create   -o CMakeFiles/cmTC_2bba9.dir/CheckFunctionExists.c.o   -c /usr/share/cmake-3.5/Modules/CheckFunctionExists.c
Linking C executable cmTC_2bba9
/usr/bin/cmake -E cmake_link_script CMakeFiles/cmTC_2bba9.dir/link.txt --verbose=1
/usr/bin/cc   -DCHECK_FUNCTION_EXISTS=pthread_create    CMakeFiles/cmTC_2bba9.dir/CheckFunctionExists.c.o  -o cmTC_2bba9 -rdynamic -lpthreads 
/usr/bin/ld: no se puede encontrar -lpthreads
collect2: error: ld returned 1 exit status
CMakeFiles/cmTC_2bba9.dir/build.make:97: fallo en las instrucciones para el objetivo 'cmTC_2bba9'
make[1]: *** [cmTC_2bba9] Error 1
make[1]: se sale del directorio '/home/igor/catkin_ws/build/CMakeFiles/CMakeTmp'
Makefile:126: fallo en las instrucciones para el objetivo 'cmTC_2bba9/fast'
make: *** [cmTC_2bba9/fast] Error 2


